#
# There is insufficient memory for the Java Runtime Environment to continue.
# Native memory allocation (malloc) failed to allocate 1069568 bytes for Chunk::new
# Possible reasons:
#   The system is out of physical RAM or swap space
#   The process is running with CompressedOops enabled, and the Java Heap may be blocking the growth of the native heap
# Possible solutions:
#   Reduce memory load on the system
#   Increase physical memory or swap space
#   Check if swap backing store is full
#   Decrease Java heap size (-Xmx/-Xms)
#   Decrease number of Java threads
#   Decrease Java thread stack sizes (-Xss)
#   Set larger code cache with -XX:ReservedCodeCacheSize=
#   JVM is running with Unscaled Compressed Oops mode in which the Java heap is
#     placed in the first 4GB address space. The Java Heap base address is the
#     maximum limit for the native heap growth. Please use -XX:HeapBaseMinAddress
#     to set the Java Heap base and to place the Java Heap above 4GB virtual address.
# This output file may be truncated or incomplete.
#
#  Out of Memory Error (arena.cpp:189), pid=11968, tid=23488
#
# JRE version: OpenJDK Runtime Environment (17.0.2+8) (build 17.0.2+8-86)
# Java VM: OpenJDK 64-Bit Server VM (17.0.2+8-86, mixed mode, sharing, tiered, compressed oops, compressed class ptrs, g1 gc, windows-amd64)
# No core dump will be written. Minidumps are not enabled by default on client versions of Windows
#

---------------  S U M M A R Y ------------

Command Line: -javaagent:C:\Program Files\JetBrains\IntelliJ IDEA Community Edition 2021.3.2\lib\idea_rt.jar=62304:C:\Program Files\JetBrains\IntelliJ IDEA Community Edition 2021.3.2\bin -Dfile.encoding=UTF-8 com.DemoApplication

Host: Intel(R) Core(TM) i3-4005U CPU @ 1.70GHz, 4 cores, 7G,  Windows 10 , 64 bit Build 19041 (10.0.19041.1706)
Time: Wed Jun 15 23:10:00 2022 Maroc (heure d64 bit Build 19041 (10.0.19041.1706) elapsed time: 42063.820915 seconds (0d 11h 41m 3s)

---------------  T H R E A D  ---------------

Current thread (0x0000020e66e18a70):  JavaThread "C2 CompilerThread0" daemon [_thread_in_native, id=23488, stack(0x000000a64c300000,0x000000a64c400000)]


Current CompileTask:
C2:42063821 12784   !   4       org.apache.catalina.connector.CoyoteAdapter::service (896 bytes)

Stack: [0x000000a64c300000,0x000000a64c400000]
Native frames: (J=compiled Java code, j=interpreted, Vv=VM code, C=native code)
V  [jvm.dll+0x670baa]
V  [jvm.dll+0x7cfcb4]
V  [jvm.dll+0x7d145e]
V  [jvm.dll+0x7d1ac3]
V  [jvm.dll+0x242bc5]
V  [jvm.dll+0xaa57b]
V  [jvm.dll+0xaab0c]
V  [jvm.dll+0x35fd07]
V  [jvm.dll+0x32a331]
V  [jvm.dll+0x3297da]
V  [jvm.dll+0x215c91]
V  [jvm.dll+0x2150b1]
V  [jvm.dll+0x1a1bbd]
V  [jvm.dll+0x224908]
V  [jvm.dll+0x222a6c]
V  [jvm.dll+0x7859bb]
V  [jvm.dll+0x77ff7a]
V  [jvm.dll+0x66fa35]
C  [ucrtbase.dll+0x21bb2]
C  [KERNEL32.DLL+0x17034]
C  [ntdll.dll+0x52651]


---------------  P R O C E S S  ---------------

Threads class SMR info:
_java_thread_list=0x0000020e6a4da420, length=32, elements={
0x0000020e66dff790, 0x0000020e66e00600, 0x0000020e66e15180, 0x0000020e66e15a40,
0x0000020e66e163f0, 0x0000020e66e17540, 0x0000020e66e18a70, 0x0000020e66e1e200,
0x0000020e66e1ebf0, 0x0000020e66de5e50, 0x0000020e67ae2760, 0x0000020e67a6c0a0,
0x0000020e67d9d0c0, 0x0000020e6ad46460, 0x0000020e68c7d050, 0x0000020e6784d980,
0x0000020e6b158460, 0x0000020e6b158930, 0x0000020e6b158e00, 0x0000020e6b1575f0,
0x0000020e6b155440, 0x0000020e6b155de0, 0x0000020e6b1562b0, 0x0000020e6b156780,
0x0000020e6b156c50, 0x0000020e6b157120, 0x0000020e6b157ac0, 0x0000020e6b341700,
0x0000020e6b346400, 0x0000020e6b3438b0, 0x0000020e6b3450c0, 0x0000020e6b344bf0
}

Java Threads: ( => current thread )
  0x0000020e66dff790 JavaThread "Reference Handler" daemon [_thread_blocked, id=17792, stack(0x000000a64bd00000,0x000000a64be00000)]
  0x0000020e66e00600 JavaThread "Finalizer" daemon [_thread_blocked, id=17112, stack(0x000000a64be00000,0x000000a64bf00000)]
  0x0000020e66e15180 JavaThread "Signal Dispatcher" daemon [_thread_blocked, id=19476, stack(0x000000a64bf00000,0x000000a64c000000)]
  0x0000020e66e15a40 JavaThread "Attach Listener" daemon [_thread_blocked, id=21588, stack(0x000000a64c000000,0x000000a64c100000)]
  0x0000020e66e163f0 JavaThread "Service Thread" daemon [_thread_blocked, id=11764, stack(0x000000a64c100000,0x000000a64c200000)]
  0x0000020e66e17540 JavaThread "Monitor Deflation Thread" daemon [_thread_blocked, id=19984, stack(0x000000a64c200000,0x000000a64c300000)]
=>0x0000020e66e18a70 JavaThread "C2 CompilerThread0" daemon [_thread_in_native, id=23488, stack(0x000000a64c300000,0x000000a64c400000)]
  0x0000020e66e1e200 JavaThread "C1 CompilerThread0" daemon [_thread_blocked, id=12240, stack(0x000000a64c400000,0x000000a64c500000)]
  0x0000020e66e1ebf0 JavaThread "Sweeper thread" daemon [_thread_blocked, id=21308, stack(0x000000a64c500000,0x000000a64c600000)]
  0x0000020e66de5e50 JavaThread "Common-Cleaner" daemon [_thread_blocked, id=12260, stack(0x000000a64c600000,0x000000a64c700000)]
  0x0000020e67ae2760 JavaThread "Monitor Ctrl-Break" daemon [_thread_in_native, id=11104, stack(0x000000a64c700000,0x000000a64c800000)]
  0x0000020e67a6c0a0 JavaThread "Notification Thread" daemon [_thread_blocked, id=11312, stack(0x000000a64c800000,0x000000a64c900000)]
  0x0000020e67d9d0c0 JavaThread "Catalina-utility-1" [_thread_blocked, id=21964, stack(0x000000a64d100000,0x000000a64d200000)]
  0x0000020e6ad46460 JavaThread "Catalina-utility-2" [_thread_blocked, id=17204, stack(0x000000a64d200000,0x000000a64d300000)]
  0x0000020e68c7d050 JavaThread "container-0" [_thread_blocked, id=9728, stack(0x000000a64d300000,0x000000a64d400000)]
  0x0000020e6784d980 JavaThread "mysql-cj-abandoned-connection-cleanup" daemon [_thread_blocked, id=6860, stack(0x000000a64d400000,0x000000a64d500000)]
  0x0000020e6b158460 JavaThread "HikariPool-1 housekeeper" daemon [_thread_blocked, id=5636, stack(0x000000a64d500000,0x000000a64d600000)]
  0x0000020e6b158930 JavaThread "File Watcher" daemon [_thread_blocked, id=19848, stack(0x000000a64d700000,0x000000a64d800000)]
  0x0000020e6b158e00 JavaThread "Live Reload Server" daemon [_thread_in_native, id=21664, stack(0x000000a64d900000,0x000000a64da00000)]
  0x0000020e6b1575f0 JavaThread "http-nio-8040-exec-1" daemon [_thread_blocked, id=13944, stack(0x000000a64db00000,0x000000a64dc00000)]
  0x0000020e6b155440 JavaThread "http-nio-8040-exec-2" daemon [_thread_blocked, id=14008, stack(0x000000a64dc00000,0x000000a64dd00000)]
  0x0000020e6b155de0 JavaThread "http-nio-8040-exec-3" daemon [_thread_blocked, id=17284, stack(0x000000a64dd00000,0x000000a64de00000)]
  0x0000020e6b1562b0 JavaThread "http-nio-8040-exec-4" daemon [_thread_blocked, id=13848, stack(0x000000a64de00000,0x000000a64df00000)]
  0x0000020e6b156780 JavaThread "http-nio-8040-exec-5" daemon [_thread_blocked, id=19488, stack(0x000000a64df00000,0x000000a64e000000)]
  0x0000020e6b156c50 JavaThread "http-nio-8040-exec-6" daemon [_thread_blocked, id=21392, stack(0x000000a64e000000,0x000000a64e100000)]
  0x0000020e6b157120 JavaThread "http-nio-8040-exec-7" daemon [_thread_blocked, id=928, stack(0x000000a64e100000,0x000000a64e200000)]
  0x0000020e6b157ac0 JavaThread "http-nio-8040-exec-8" daemon [_thread_blocked, id=14536, stack(0x000000a64e200000,0x000000a64e300000)]
  0x0000020e6b341700 JavaThread "http-nio-8040-exec-9" daemon [_thread_blocked, id=21420, stack(0x000000a64e300000,0x000000a64e400000)]
  0x0000020e6b346400 JavaThread "http-nio-8040-exec-10" daemon [_thread_blocked, id=20528, stack(0x000000a64e400000,0x000000a64e500000)]
  0x0000020e6b3438b0 JavaThread "http-nio-8040-Poller" daemon [_thread_in_native, id=20180, stack(0x000000a64e500000,0x000000a64e600000)]
  0x0000020e6b3450c0 JavaThread "http-nio-8040-Acceptor" daemon [_thread_in_native, id=19968, stack(0x000000a64e600000,0x000000a64e700000)]
  0x0000020e6b344bf0 JavaThread "DestroyJavaVM" [_thread_blocked, id=19460, stack(0x000000a64b600000,0x000000a64b700000)]

Other Threads:
  0x0000020e66df9b30 VMThread "VM Thread" [stack: 0x000000a64bc00000,0x000000a64bd00000] [id=21764]
  0x0000020e67a6d340 WatcherThread [stack: 0x000000a64c900000,0x000000a64ca00000] [id=8028]
  0x0000020e497295e0 GCTaskThread "GC Thread#0" [stack: 0x000000a64b700000,0x000000a64b800000] [id=18680]
  0x0000020e686cec70 GCTaskThread "GC Thread#1" [stack: 0x000000a64cb00000,0x000000a64cc00000] [id=21212]
  0x0000020e687d6cc0 GCTaskThread "GC Thread#2" [stack: 0x000000a64cc00000,0x000000a64cd00000] [id=7852]
  0x0000020e68607b70 GCTaskThread "GC Thread#3" [stack: 0x000000a64cd00000,0x000000a64ce00000] [id=10212]
  0x0000020e4973a260 ConcurrentGCThread "G1 Main Marker" [stack: 0x000000a64b800000,0x000000a64b900000] [id=7300]
  0x0000020e4973bc80 ConcurrentGCThread "G1 Conc#0" [stack: 0x000000a64b900000,0x000000a64ba00000] [id=19900]
  0x0000020e497b1430 ConcurrentGCThread "G1 Refine#0" [stack: 0x000000a64ba00000,0x000000a64bb00000] [id=11716]
  0x0000020e68607e20 ConcurrentGCThread "G1 Refine#1" [stack: 0x000000a64ce00000,0x000000a64cf00000] [id=19144]
  0x0000020e497b1e50 ConcurrentGCThread "G1 Service" [stack: 0x000000a64bb00000,0x000000a64bc00000] [id=19800]

Threads with active compile tasks:
C2 CompilerThread0  42078283 12784   !   4       org.apache.catalina.connector.CoyoteAdapter::service (896 bytes)

VM state: not at safepoint (normal execution)

VM Mutex/Monitor currently owned by a thread: None

Heap address: 0x0000000081600000, size: 2026 MB, Compressed Oops mode: 32-bit

CDS archive(s) mapped at: [0x0000000800000000-0x0000000800bc0000-0x0000000800bc0000), size 12320768, SharedBaseAddress: 0x0000000800000000, ArchiveRelocationMode: 0.
Compressed class space mapped at: 0x0000000800c00000-0x0000000840c00000, reserved size: 1073741824
Narrow klass base: 0x0000000800000000, Narrow klass shift: 0, Narrow klass range: 0x100000000

GC Precious Log:
 CPUs: 4 total, 4 available
 Memory: 8096M
 Large Page Support: Disabled
 NUMA Support: Disabled
 Compressed Oops: Enabled (32-bit)
 Heap Region Size: 1M
 Heap Min Capacity: 8M
 Heap Initial Capacity: 128M
 Heap Max Capacity: 2026M
 Pre-touch: Disabled
 Parallel Workers: 4
 Concurrent Workers: 1
 Concurrent Refinement Workers: 4
 Periodic GC: Disabled

Heap:
 garbage-first heap   total 110592K, used 79717K [0x0000000081600000, 0x0000000100000000)
  region size 1024K, 48 young (49152K), 1 survivors (1024K)
 Metaspace       used 69793K, committed 70336K, reserved 1114112K
  class space    used 8833K, committed 9088K, reserved 1048576K

Heap Regions: E=young(eden), S=young(survivor), O=old, HS=humongous(starts), HC=humongous(continues), CS=collection set, F=free, OA=open archive, CA=closed archive, TAMS=top-at-mark-start (previous, next)
|   0|0x0000000081600000, 0x0000000081700000, 0x0000000081700000|100%|HS|  |TAMS 0x0000000081700000, 0x0000000081600000| Complete 
|   1|0x0000000081700000, 0x0000000081800000, 0x0000000081800000|100%| O|  |TAMS 0x0000000081800000, 0x0000000081700000| Untracked 
|   2|0x0000000081800000, 0x0000000081900000, 0x0000000081900000|100%| O|  |TAMS 0x0000000081900000, 0x0000000081800000| Untracked 
|   3|0x0000000081900000, 0x0000000081a00000, 0x0000000081a00000|100%| O|  |TAMS 0x0000000081a00000, 0x0000000081900000| Untracked 
|   4|0x0000000081a00000, 0x0000000081b00000, 0x0000000081b00000|100%| O|  |TAMS 0x0000000081b00000, 0x0000000081a00000| Untracked 
|   5|0x0000000081b00000, 0x0000000081c00000, 0x0000000081c00000|100%| O|  |TAMS 0x0000000081c00000, 0x0000000081b00000| Untracked 
|   6|0x0000000081c00000, 0x0000000081d00000, 0x0000000081d00000|100%| O|  |TAMS 0x0000000081d00000, 0x0000000081c00000| Untracked 
|   7|0x0000000081d00000, 0x0000000081e00000, 0x0000000081e00000|100%| O|  |TAMS 0x0000000081e00000, 0x0000000081d00000| Untracked 
|   8|0x0000000081e00000, 0x0000000081f00000, 0x0000000081f00000|100%| O|  |TAMS 0x0000000081f00000, 0x0000000081e00000| Untracked 
|   9|0x0000000081f00000, 0x0000000082000000, 0x0000000082000000|100%| O|  |TAMS 0x0000000082000000, 0x0000000081f00000| Untracked 
|  10|0x0000000082000000, 0x0000000082100000, 0x0000000082100000|100%| O|  |TAMS 0x0000000082100000, 0x0000000082000000| Untracked 
|  11|0x0000000082100000, 0x0000000082200000, 0x0000000082200000|100%| O|  |TAMS 0x0000000082200000, 0x0000000082100000| Untracked 
|  12|0x0000000082200000, 0x0000000082300000, 0x0000000082300000|100%| O|  |TAMS 0x0000000082300000, 0x0000000082200000| Untracked 
|  13|0x0000000082300000, 0x0000000082400000, 0x0000000082400000|100%| O|  |TAMS 0x0000000082354a00, 0x0000000082300000| Untracked 
|  14|0x0000000082400000, 0x0000000082500000, 0x0000000082500000|100%| O|  |TAMS 0x0000000082500000, 0x0000000082400000| Untracked 
|  15|0x0000000082500000, 0x0000000082600000, 0x0000000082600000|100%| O|  |TAMS 0x0000000082600000, 0x0000000082500000| Untracked 
|  16|0x0000000082600000, 0x0000000082700000, 0x0000000082700000|100%| O|  |TAMS 0x0000000082700000, 0x0000000082600000| Untracked 
|  17|0x0000000082700000, 0x0000000082800000, 0x0000000082800000|100%| O|  |TAMS 0x0000000082800000, 0x0000000082700000| Untracked 
|  18|0x0000000082800000, 0x0000000082900000, 0x0000000082900000|100%| O|  |TAMS 0x0000000082900000, 0x0000000082800000| Untracked 
|  19|0x0000000082900000, 0x0000000082a00000, 0x0000000082a00000|100%| O|  |TAMS 0x0000000082a00000, 0x0000000082900000| Untracked 
|  20|0x0000000082a00000, 0x0000000082b00000, 0x0000000082b00000|100%| O|  |TAMS 0x0000000082b00000, 0x0000000082a00000| Untracked 
|  21|0x0000000082b00000, 0x0000000082c00000, 0x0000000082c00000|100%| O|  |TAMS 0x0000000082c00000, 0x0000000082b00000| Untracked 
|  22|0x0000000082c00000, 0x0000000082d00000, 0x0000000082d00000|100%| O|  |TAMS 0x0000000082d00000, 0x0000000082c00000| Untracked 
|  23|0x0000000082d00000, 0x0000000082e00000, 0x0000000082e00000|100%| O|  |TAMS 0x0000000082e00000, 0x0000000082d00000| Untracked 
|  24|0x0000000082e00000, 0x0000000082f00000, 0x0000000082f00000|100%| O|  |TAMS 0x0000000082f00000, 0x0000000082e00000| Untracked 
|  25|0x0000000082f00000, 0x0000000083000000, 0x0000000083000000|100%| O|  |TAMS 0x0000000083000000, 0x0000000082f00000| Untracked 
|  26|0x0000000083000000, 0x0000000083100000, 0x0000000083100000|100%| O|  |TAMS 0x0000000083100000, 0x0000000083000000| Untracked 
|  27|0x0000000083100000, 0x0000000083200000, 0x0000000083200000|100%| O|  |TAMS 0x0000000083200000, 0x0000000083100000| Untracked 
|  28|0x0000000083200000, 0x0000000083300000, 0x0000000083300000|100%| O|  |TAMS 0x0000000083300000, 0x0000000083200000| Untracked 
|  29|0x0000000083300000, 0x0000000083400000, 0x0000000083400000|100%| O|  |TAMS 0x0000000083400000, 0x0000000083300000| Untracked 
|  30|0x0000000083400000, 0x0000000083500000, 0x0000000083500000|100%| O|  |TAMS 0x0000000083500000, 0x0000000083400000| Untracked 
|  31|0x0000000083500000, 0x000000008355b600, 0x0000000083600000| 35%| O|  |TAMS 0x0000000083500000, 0x0000000083500000| Untracked 
|  32|0x0000000083600000, 0x0000000083600000, 0x0000000083700000|  0%| F|  |TAMS 0x0000000083600000, 0x0000000083600000| Untracked 
|  33|0x0000000083700000, 0x0000000083700000, 0x0000000083800000|  0%| F|  |TAMS 0x0000000083700000, 0x0000000083700000| Untracked 
|  34|0x0000000083800000, 0x0000000083800000, 0x0000000083900000|  0%| F|  |TAMS 0x0000000083800000, 0x0000000083800000| Untracked 
|  35|0x0000000083900000, 0x0000000083900000, 0x0000000083a00000|  0%| F|  |TAMS 0x0000000083900000, 0x0000000083900000| Untracked 
|  36|0x0000000083a00000, 0x0000000083a00000, 0x0000000083b00000|  0%| F|  |TAMS 0x0000000083a00000, 0x0000000083a00000| Untracked 
|  37|0x0000000083b00000, 0x0000000083b00000, 0x0000000083c00000|  0%| F|  |TAMS 0x0000000083b00000, 0x0000000083b00000| Untracked 
|  38|0x0000000083c00000, 0x0000000083c00000, 0x0000000083d00000|  0%| F|  |TAMS 0x0000000083c00000, 0x0000000083c00000| Untracked 
|  39|0x0000000083d00000, 0x0000000083d00000, 0x0000000083e00000|  0%| F|  |TAMS 0x0000000083d00000, 0x0000000083d00000| Untracked 
|  40|0x0000000083e00000, 0x0000000083e00000, 0x0000000083f00000|  0%| F|  |TAMS 0x0000000083e00000, 0x0000000083e00000| Untracked 
|  41|0x0000000083f00000, 0x0000000083f00000, 0x0000000084000000|  0%| F|  |TAMS 0x0000000083f00000, 0x0000000083f00000| Untracked 
|  42|0x0000000084000000, 0x0000000084000000, 0x0000000084100000|  0%| F|  |TAMS 0x0000000084000000, 0x0000000084000000| Untracked 
|  43|0x0000000084100000, 0x0000000084100000, 0x0000000084200000|  0%| F|  |TAMS 0x0000000084100000, 0x0000000084100000| Untracked 
|  44|0x0000000084200000, 0x000000008427e0a8, 0x0000000084300000| 49%| S|CS|TAMS 0x0000000084200000, 0x0000000084200000| Complete 
|  45|0x0000000084300000, 0x0000000084300000, 0x0000000084400000|  0%| F|  |TAMS 0x0000000084300000, 0x0000000084300000| Untracked 
|  46|0x0000000084400000, 0x0000000084400000, 0x0000000084500000|  0%| F|  |TAMS 0x0000000084400000, 0x0000000084400000| Untracked 
|  47|0x0000000084500000, 0x0000000084500000, 0x0000000084600000|  0%| F|  |TAMS 0x0000000084500000, 0x0000000084500000| Untracked 
|  48|0x0000000084600000, 0x0000000084600000, 0x0000000084700000|  0%| F|  |TAMS 0x0000000084600000, 0x0000000084600000| Untracked 
|  49|0x0000000084700000, 0x0000000084700000, 0x0000000084800000|  0%| F|  |TAMS 0x0000000084700000, 0x0000000084700000| Untracked 
|  50|0x0000000084800000, 0x0000000084800000, 0x0000000084900000|  0%| F|  |TAMS 0x0000000084800000, 0x0000000084800000| Untracked 
|  51|0x0000000084900000, 0x0000000084900000, 0x0000000084a00000|  0%| F|  |TAMS 0x0000000084900000, 0x0000000084900000| Untracked 
|  52|0x0000000084a00000, 0x0000000084a00000, 0x0000000084b00000|  0%| F|  |TAMS 0x0000000084a00000, 0x0000000084a00000| Untracked 
|  53|0x0000000084b00000, 0x0000000084b00000, 0x0000000084c00000|  0%| F|  |TAMS 0x0000000084b00000, 0x0000000084b00000| Untracked 
|  54|0x0000000084c00000, 0x0000000084c00000, 0x0000000084d00000|  0%| F|  |TAMS 0x0000000084c00000, 0x0000000084c00000| Untracked 
|  55|0x0000000084d00000, 0x0000000084d00000, 0x0000000084e00000|  0%| F|  |TAMS 0x0000000084d00000, 0x0000000084d00000| Untracked 
|  56|0x0000000084e00000, 0x0000000084e00000, 0x0000000084f00000|  0%| F|  |TAMS 0x0000000084e00000, 0x0000000084e00000| Untracked 
|  57|0x0000000084f00000, 0x0000000084f00000, 0x0000000085000000|  0%| F|  |TAMS 0x0000000084f00000, 0x0000000084f00000| Untracked 
|  58|0x0000000085000000, 0x0000000085000000, 0x0000000085100000|  0%| F|  |TAMS 0x0000000085000000, 0x0000000085000000| Untracked 
|  59|0x0000000085100000, 0x0000000085100000, 0x0000000085200000|  0%| F|  |TAMS 0x0000000085100000, 0x0000000085100000| Untracked 
|  60|0x0000000085200000, 0x0000000085200000, 0x0000000085300000|  0%| F|  |TAMS 0x0000000085200000, 0x0000000085200000| Untracked 
|  61|0x0000000085300000, 0x00000000853205e0, 0x0000000085400000| 12%| E|  |TAMS 0x0000000085300000, 0x0000000085300000| Complete 
|  62|0x0000000085400000, 0x0000000085500000, 0x0000000085500000|100%| E|CS|TAMS 0x0000000085400000, 0x0000000085400000| Complete 
|  63|0x0000000085500000, 0x0000000085600000, 0x0000000085600000|100%| E|CS|TAMS 0x0000000085500000, 0x0000000085500000| Complete 
|  64|0x0000000085600000, 0x0000000085700000, 0x0000000085700000|100%| E|CS|TAMS 0x0000000085600000, 0x0000000085600000| Complete 
|  65|0x0000000085700000, 0x0000000085800000, 0x0000000085800000|100%| E|CS|TAMS 0x0000000085700000, 0x0000000085700000| Complete 
|  66|0x0000000085800000, 0x0000000085900000, 0x0000000085900000|100%| E|CS|TAMS 0x0000000085800000, 0x0000000085800000| Complete 
|  67|0x0000000085900000, 0x0000000085a00000, 0x0000000085a00000|100%| E|CS|TAMS 0x0000000085900000, 0x0000000085900000| Complete 
|  68|0x0000000085a00000, 0x0000000085b00000, 0x0000000085b00000|100%| E|CS|TAMS 0x0000000085a00000, 0x0000000085a00000| Complete 
|  69|0x0000000085b00000, 0x0000000085c00000, 0x0000000085c00000|100%| E|CS|TAMS 0x0000000085b00000, 0x0000000085b00000| Complete 
|  70|0x0000000085c00000, 0x0000000085d00000, 0x0000000085d00000|100%| E|CS|TAMS 0x0000000085c00000, 0x0000000085c00000| Complete 
|  71|0x0000000085d00000, 0x0000000085e00000, 0x0000000085e00000|100%| E|CS|TAMS 0x0000000085d00000, 0x0000000085d00000| Complete 
|  72|0x0000000085e00000, 0x0000000085f00000, 0x0000000085f00000|100%| E|CS|TAMS 0x0000000085e00000, 0x0000000085e00000| Complete 
|  73|0x0000000085f00000, 0x0000000086000000, 0x0000000086000000|100%| E|CS|TAMS 0x0000000085f00000, 0x0000000085f00000| Complete 
|  74|0x0000000086000000, 0x0000000086100000, 0x0000000086100000|100%| E|CS|TAMS 0x0000000086000000, 0x0000000086000000| Complete 
|  75|0x0000000086100000, 0x0000000086200000, 0x0000000086200000|100%| E|CS|TAMS 0x0000000086100000, 0x0000000086100000| Complete 
|  76|0x0000000086200000, 0x0000000086300000, 0x0000000086300000|100%| E|CS|TAMS 0x0000000086200000, 0x0000000086200000| Complete 
|  77|0x0000000086300000, 0x0000000086400000, 0x0000000086400000|100%| E|CS|TAMS 0x0000000086300000, 0x0000000086300000| Complete 
|  78|0x0000000086400000, 0x0000000086500000, 0x0000000086500000|100%| E|CS|TAMS 0x0000000086400000, 0x0000000086400000| Complete 
|  79|0x0000000086500000, 0x0000000086600000, 0x0000000086600000|100%| E|CS|TAMS 0x0000000086500000, 0x0000000086500000| Complete 
|  80|0x0000000086600000, 0x0000000086700000, 0x0000000086700000|100%| E|CS|TAMS 0x0000000086600000, 0x0000000086600000| Complete 
|  81|0x0000000086700000, 0x0000000086800000, 0x0000000086800000|100%| E|CS|TAMS 0x0000000086700000, 0x0000000086700000| Complete 
|  82|0x0000000086800000, 0x0000000086900000, 0x0000000086900000|100%| E|CS|TAMS 0x0000000086800000, 0x0000000086800000| Complete 
|  83|0x0000000086900000, 0x0000000086a00000, 0x0000000086a00000|100%| E|CS|TAMS 0x0000000086900000, 0x0000000086900000| Complete 
|  84|0x0000000086a00000, 0x0000000086b00000, 0x0000000086b00000|100%| E|CS|TAMS 0x0000000086a00000, 0x0000000086a00000| Complete 
|  85|0x0000000086b00000, 0x0000000086c00000, 0x0000000086c00000|100%| E|CS|TAMS 0x0000000086b00000, 0x0000000086b00000| Complete 
|  86|0x0000000086c00000, 0x0000000086d00000, 0x0000000086d00000|100%| E|CS|TAMS 0x0000000086c00000, 0x0000000086c00000| Complete 
|  87|0x0000000086d00000, 0x0000000086e00000, 0x0000000086e00000|100%| E|CS|TAMS 0x0000000086d00000, 0x0000000086d00000| Complete 
|  88|0x0000000086e00000, 0x0000000086f00000, 0x0000000086f00000|100%| E|CS|TAMS 0x0000000086e00000, 0x0000000086e00000| Complete 
|  89|0x0000000086f00000, 0x0000000087000000, 0x0000000087000000|100%| E|CS|TAMS 0x0000000086f00000, 0x0000000086f00000| Complete 
|  90|0x0000000087000000, 0x0000000087100000, 0x0000000087100000|100%| E|CS|TAMS 0x0000000087000000, 0x0000000087000000| Complete 
|  91|0x0000000087100000, 0x0000000087200000, 0x0000000087200000|100%| E|CS|TAMS 0x0000000087100000, 0x0000000087100000| Complete 
|  92|0x0000000087200000, 0x0000000087300000, 0x0000000087300000|100%| E|CS|TAMS 0x0000000087200000, 0x0000000087200000| Complete 
|  93|0x0000000087300000, 0x0000000087400000, 0x0000000087400000|100%| E|CS|TAMS 0x0000000087300000, 0x0000000087300000| Complete 
|  94|0x0000000087400000, 0x0000000087500000, 0x0000000087500000|100%| E|CS|TAMS 0x0000000087400000, 0x0000000087400000| Complete 
|  95|0x0000000087500000, 0x0000000087600000, 0x0000000087600000|100%| E|CS|TAMS 0x0000000087500000, 0x0000000087500000| Complete 
|  96|0x0000000087600000, 0x0000000087700000, 0x0000000087700000|100%| E|CS|TAMS 0x0000000087600000, 0x0000000087600000| Complete 
|  97|0x0000000087700000, 0x0000000087800000, 0x0000000087800000|100%| E|CS|TAMS 0x0000000087700000, 0x0000000087700000| Complete 
|  98|0x0000000087800000, 0x0000000087900000, 0x0000000087900000|100%| E|CS|TAMS 0x0000000087800000, 0x0000000087800000| Complete 
|  99|0x0000000087900000, 0x0000000087a00000, 0x0000000087a00000|100%| E|CS|TAMS 0x0000000087900000, 0x0000000087900000| Complete 
| 100|0x0000000087a00000, 0x0000000087b00000, 0x0000000087b00000|100%| E|CS|TAMS 0x0000000087a00000, 0x0000000087a00000| Complete 
| 101|0x0000000087b00000, 0x0000000087c00000, 0x0000000087c00000|100%| E|CS|TAMS 0x0000000087b00000, 0x0000000087b00000| Complete 
| 102|0x0000000087c00000, 0x0000000087d00000, 0x0000000087d00000|100%| E|CS|TAMS 0x0000000087c00000, 0x0000000087c00000| Complete 
| 103|0x0000000087d00000, 0x0000000087e00000, 0x0000000087e00000|100%| E|CS|TAMS 0x0000000087d00000, 0x0000000087d00000| Complete 
| 104|0x0000000087e00000, 0x0000000087f00000, 0x0000000087f00000|100%| E|CS|TAMS 0x0000000087e00000, 0x0000000087e00000| Complete 
| 105|0x0000000087f00000, 0x0000000088000000, 0x0000000088000000|100%| E|CS|TAMS 0x0000000087f00000, 0x0000000087f00000| Complete 
| 106|0x0000000088000000, 0x0000000088100000, 0x0000000088100000|100%| E|CS|TAMS 0x0000000088000000, 0x0000000088000000| Complete 
| 127|0x0000000089500000, 0x0000000089600000, 0x0000000089600000|100%| E|CS|TAMS 0x0000000089500000, 0x0000000089500000| Complete 

Card table byte_map: [0x0000020e60330000,0x0000020e60730000] _byte_map_base: 0x0000020e5ff25000

Marking Bits (Prev, Next): (CMBitMap*) 0x0000020e49729c30, (CMBitMap*) 0x0000020e49729bf0
 Prev Bits: [0x0000020e62ae0000, 0x0000020e64a88000)
 Next Bits: [0x0000020e60b30000, 0x0000020e62ad8000)

Polling page: 0x0000020e474c0000

Metaspace:

Usage:
  Non-class:     59.53 MB used.
      Class:      8.63 MB used.
       Both:     68.16 MB used.

Virtual space:
  Non-class space:       64.00 MB reserved,      59.81 MB ( 93%) committed,  8 nodes.
      Class space:        1.00 GB reserved,       8.88 MB ( <1%) committed,  1 nodes.
             Both:        1.06 GB reserved,      68.69 MB (  6%) committed. 

Chunk freelists:
   Non-Class:  3.91 MB
       Class:  3.16 MB
        Both:  7.07 MB

MaxMetaspaceSize: unlimited
CompressedClassSpaceSize: 1.00 GB
Initial GC threshold: 21.00 MB
Current GC threshold: 114.00 MB
CDS: on
MetaspaceReclaimPolicy: balanced
 - commit_granule_bytes: 65536.
 - commit_granule_words: 8192.
 - virtual_space_node_default_size: 1048576.
 - enlarge_chunks_in_place: 1.
 - new_chunks_are_fully_committed: 0.
 - uncommit_free_chunks: 1.
 - use_allocation_guard: 0.
 - handle_deallocations: 1.


Internal statistics:

num_allocs_failed_limit: 12.
num_arena_births: 666.
num_arena_deaths: 6.
num_vsnodes_births: 9.
num_vsnodes_deaths: 0.
num_space_committed: 1099.
num_space_uncommitted: 0.
num_chunks_returned_to_freelist: 21.
num_chunks_taken_from_freelist: 3171.
num_chunk_merges: 13.
num_chunk_splits: 2201.
num_chunks_enlarged: 1665.
num_purges: 2.
num_inconsistent_stats: 0.

CodeHeap 'non-profiled nmethods': size=120000Kb used=11157Kb max_used=11157Kb free=108843Kb
 bounds [0x0000020e58a00000, 0x0000020e594f0000, 0x0000020e5ff30000]
CodeHeap 'profiled nmethods': size=120000Kb used=17201Kb max_used=19874Kb free=102798Kb
 bounds [0x0000020e514d0000, 0x0000020e52870000, 0x0000020e58a00000]
CodeHeap 'non-nmethods': size=5760Kb used=1342Kb max_used=1407Kb free=4417Kb
 bounds [0x0000020e50f30000, 0x0000020e511a0000, 0x0000020e514d0000]
 total_blobs=10584 nmethods=9914 adapters=581
 compilation: enabled
              stopped_count=0, restarted_count=0
 full_count=0

Compilation events (20 events):
Event: 42046.390 Thread 0x0000020e66e1e200 nmethod 12774 0x0000020e527d8810 code [0x0000020e527d89c0, 0x0000020e527d8b28]
Event: 42046.390 Thread 0x0000020e66e1e200 12775   !   3       java.util.concurrent.LinkedBlockingDeque::clear (84 bytes)
Event: 42046.393 Thread 0x0000020e66e1e200 nmethod 12775 0x0000020e51d5a910 code [0x0000020e51d5aba0, 0x0000020e51d5b988]
Event: 42046.414 Thread 0x0000020e66e1e200 12776       3       java.nio.channels.spi.AbstractInterruptibleChannel::end (53 bytes)
Event: 42046.417 Thread 0x0000020e66e1e200 nmethod 12776 0x0000020e51eb7910 code [0x0000020e51eb7b00, 0x0000020e51eb8028]
Event: 42046.417 Thread 0x0000020e66e1e200 12777       3       java.nio.channels.spi.AbstractInterruptibleChannel::begin (48 bytes)
Event: 42046.419 Thread 0x0000020e66e1e200 nmethod 12777 0x0000020e52371590 code [0x0000020e52371780, 0x0000020e52371df8]
Event: 42046.419 Thread 0x0000020e66e1e200 12778   !   3       java.nio.channels.spi.AbstractSelectableChannel::register (152 bytes)
Event: 42046.424 Thread 0x0000020e66e1e200 nmethod 12778 0x0000020e521ec810 code [0x0000020e521ecc00, 0x0000020e521ee898]
Event: 42048.695 Thread 0x0000020e66e1e200 12779       3       sun.nio.ch.SocketAdaptor::getInetAddress (16 bytes)
Event: 42048.696 Thread 0x0000020e66e1e200 nmethod 12779 0x0000020e52122a10 code [0x0000020e52122be0, 0x0000020e52123098]
Event: 42048.696 Thread 0x0000020e66e1e200 12780       3       sun.nio.ch.SocketAdaptor::remoteAddress (11 bytes)
Event: 42048.697 Thread 0x0000020e66e1e200 nmethod 12780 0x0000020e51eda910 code [0x0000020e51edaac0, 0x0000020e51edae18]
Event: 42048.697 Thread 0x0000020e66e1e200 12781   !   3       sun.nio.ch.SocketChannelImpl::remoteAddress (19 bytes)
Event: 42048.697 Thread 0x0000020e66e1e200 nmethod 12781 0x0000020e52664890 code [0x0000020e52664a20, 0x0000020e52664c18]
Event: 42048.697 Thread 0x0000020e66e1e200 12782       3       java.net.Inet6Address::getHostAddress (8 bytes)
Event: 42048.697 Thread 0x0000020e66e1e200 nmethod 12782 0x0000020e5266b190 code [0x0000020e5266b340, 0x0000020e5266b4a8]
Event: 42048.698 Thread 0x0000020e66e1e200 12783       3       java.net.Inet6Address$Inet6AddressHolder::getHostAddress (84 bytes)
Event: 42048.982 Thread 0x0000020e66e1e200 nmethod 12783 0x0000020e522e8a90 code [0x0000020e522e8d80, 0x0000020e522e99e8]
Event: 42056.807 Thread 0x0000020e66e18a70 12784   !   4       org.apache.catalina.connector.CoyoteAdapter::service (896 bytes)

GC Heap History (20 events):
Event: 41859.466 GC heap before
{Heap before GC invocations=105 (full 0):
 garbage-first heap   total 110592K, used 96653K [0x0000000081600000, 0x0000000100000000)
  region size 1024K, 64 young (65536K), 1 survivors (1024K)
 Metaspace       used 69772K, committed 70272K, reserved 1114112K
  class space    used 8833K, committed 9088K, reserved 1048576K
}
Event: 41859.468 GC heap after
{Heap after GC invocations=106 (full 0):
 garbage-first heap   total 110592K, used 32143K [0x0000000081600000, 0x0000000100000000)
  region size 1024K, 1 young (1024K), 1 survivors (1024K)
 Metaspace       used 69772K, committed 70272K, reserved 1114112K
  class space    used 8833K, committed 9088K, reserved 1048576K
}
Event: 41878.881 GC heap before
{Heap before GC invocations=106 (full 0):
 garbage-first heap   total 110592K, used 96655K [0x0000000081600000, 0x0000000100000000)
  region size 1024K, 64 young (65536K), 1 survivors (1024K)
 Metaspace       used 69772K, committed 70272K, reserved 1114112K
  class space    used 8833K, committed 9088K, reserved 1048576K
}
Event: 41878.883 GC heap after
{Heap after GC invocations=107 (full 0):
 garbage-first heap   total 110592K, used 32165K [0x0000000081600000, 0x0000000100000000)
  region size 1024K, 1 young (1024K), 1 survivors (1024K)
 Metaspace       used 69772K, committed 70272K, reserved 1114112K
  class space    used 8833K, committed 9088K, reserved 1048576K
}
Event: 41897.886 GC heap before
{Heap before GC invocations=107 (full 0):
 garbage-first heap   total 110592K, used 96677K [0x0000000081600000, 0x0000000100000000)
  region size 1024K, 64 young (65536K), 1 survivors (1024K)
 Metaspace       used 69772K, committed 70272K, reserved 1114112K
  class space    used 8833K, committed 9088K, reserved 1048576K
}
Event: 41898.085 GC heap after
{Heap after GC invocations=108 (full 0):
 garbage-first heap   total 110592K, used 32153K [0x0000000081600000, 0x0000000100000000)
  region size 1024K, 1 young (1024K), 1 survivors (1024K)
 Metaspace       used 69772K, committed 70272K, reserved 1114112K
  class space    used 8833K, committed 9088K, reserved 1048576K
}
Event: 41916.035 GC heap before
{Heap before GC invocations=108 (full 0):
 garbage-first heap   total 110592K, used 96665K [0x0000000081600000, 0x0000000100000000)
  region size 1024K, 64 young (65536K), 1 survivors (1024K)
 Metaspace       used 69772K, committed 70272K, reserved 1114112K
  class space    used 8833K, committed 9088K, reserved 1048576K
}
Event: 41916.038 GC heap after
{Heap after GC invocations=109 (full 0):
 garbage-first heap   total 110592K, used 32142K [0x0000000081600000, 0x0000000100000000)
  region size 1024K, 1 young (1024K), 1 survivors (1024K)
 Metaspace       used 69772K, committed 70272K, reserved 1114112K
  class space    used 8833K, committed 9088K, reserved 1048576K
}
Event: 41939.550 GC heap before
{Heap before GC invocations=109 (full 0):
 garbage-first heap   total 110592K, used 96654K [0x0000000081600000, 0x0000000100000000)
  region size 1024K, 64 young (65536K), 1 survivors (1024K)
 Metaspace       used 69772K, committed 70272K, reserved 1114112K
  class space    used 8833K, committed 9088K, reserved 1048576K
}
Event: 41939.552 GC heap after
{Heap after GC invocations=110 (full 0):
 garbage-first heap   total 110592K, used 32135K [0x0000000081600000, 0x0000000100000000)
  region size 1024K, 1 young (1024K), 1 survivors (1024K)
 Metaspace       used 69772K, committed 70272K, reserved 1114112K
  class space    used 8833K, committed 9088K, reserved 1048576K
}
Event: 41958.502 GC heap before
{Heap before GC invocations=110 (full 0):
 garbage-first heap   total 110592K, used 96647K [0x0000000081600000, 0x0000000100000000)
  region size 1024K, 64 young (65536K), 1 survivors (1024K)
 Metaspace       used 69772K, committed 70272K, reserved 1114112K
  class space    used 8833K, committed 9088K, reserved 1048576K
}
Event: 41958.505 GC heap after
{Heap after GC invocations=111 (full 0):
 garbage-first heap   total 110592K, used 32145K [0x0000000081600000, 0x0000000100000000)
  region size 1024K, 1 young (1024K), 1 survivors (1024K)
 Metaspace       used 69772K, committed 70272K, reserved 1114112K
  class space    used 8833K, committed 9088K, reserved 1048576K
}
Event: 41977.651 GC heap before
{Heap before GC invocations=111 (full 0):
 garbage-first heap   total 110592K, used 96657K [0x0000000081600000, 0x0000000100000000)
  region size 1024K, 64 young (65536K), 1 survivors (1024K)
 Metaspace       used 69772K, committed 70272K, reserved 1114112K
  class space    used 8833K, committed 9088K, reserved 1048576K
}
Event: 41977.654 GC heap after
{Heap after GC invocations=112 (full 0):
 garbage-first heap   total 110592K, used 32165K [0x0000000081600000, 0x0000000100000000)
  region size 1024K, 1 young (1024K), 1 survivors (1024K)
 Metaspace       used 69772K, committed 70272K, reserved 1114112K
  class space    used 8833K, committed 9088K, reserved 1048576K
}
Event: 42023.664 GC heap before
{Heap before GC invocations=112 (full 0):
 garbage-first heap   total 110592K, used 96677K [0x0000000081600000, 0x0000000100000000)
  region size 1024K, 64 young (65536K), 1 survivors (1024K)
 Metaspace       used 69772K, committed 70272K, reserved 1114112K
  class space    used 8833K, committed 9088K, reserved 1048576K
}
Event: 42023.813 GC heap after
{Heap after GC invocations=113 (full 0):
 garbage-first heap   total 110592K, used 32600K [0x0000000081600000, 0x0000000100000000)
  region size 1024K, 1 young (1024K), 1 survivors (1024K)
 Metaspace       used 69772K, committed 70272K, reserved 1114112K
  class space    used 8833K, committed 9088K, reserved 1048576K
}
Event: 42033.697 GC heap before
{Heap before GC invocations=113 (full 0):
 garbage-first heap   total 110592K, used 97112K [0x0000000081600000, 0x0000000100000000)
  region size 1024K, 64 young (65536K), 1 survivors (1024K)
 Metaspace       used 69772K, committed 70272K, reserved 1114112K
  class space    used 8833K, committed 9088K, reserved 1048576K
}
Event: 42033.698 GC heap after
{Heap after GC invocations=114 (full 0):
 garbage-first heap   total 110592K, used 32590K [0x0000000081600000, 0x0000000100000000)
  region size 1024K, 1 young (1024K), 1 survivors (1024K)
 Metaspace       used 69772K, committed 70272K, reserved 1114112K
  class space    used 8833K, committed 9088K, reserved 1048576K
}
Event: 42046.165 GC heap before
{Heap before GC invocations=114 (full 0):
 garbage-first heap   total 110592K, used 97102K [0x0000000081600000, 0x0000000100000000)
  region size 1024K, 64 young (65536K), 1 survivors (1024K)
 Metaspace       used 69787K, committed 70272K, reserved 1114112K
  class space    used 8833K, committed 9088K, reserved 1048576K
}
Event: 42046.167 GC heap after
{Heap after GC invocations=115 (full 0):
 garbage-first heap   total 110592K, used 32613K [0x0000000081600000, 0x0000000100000000)
  region size 1024K, 1 young (1024K), 1 survivors (1024K)
 Metaspace       used 69787K, committed 70272K, reserved 1114112K
  class space    used 8833K, committed 9088K, reserved 1048576K
}

Deoptimization events (20 events):
Event: 42025.647 Thread 0x0000020e6b155440 Uncommon trap: reason=bimorphic_or_optimized_type_check action=maybe_recompile pc=0x0000020e58ed09d0 method=java.lang.ThreadLocal.set(Ljava/lang/Object;)V @ 6 c2
Event: 42025.647 Thread 0x0000020e6b341700 Uncommon trap: trap_request=0xffffff45 fr.pc=0x0000020e58c3dec8 relative=0x0000000000000308
Event: 42025.647 Thread 0x0000020e6b341700 Uncommon trap: reason=unstable_if action=reinterpret pc=0x0000020e58c3dec8 method=java.util.concurrent.locks.ReentrantReadWriteLock$Sync.tryAcquireShared(I)I @ 60 c2
Event: 42025.647 Thread 0x0000020e6b155440 DEOPT PACKING pc=0x0000020e58ed09d0 sp=0x000000a64dcfd9f0
Event: 42025.647 Thread 0x0000020e6b155440 DEOPT UNPACKING pc=0x0000020e50f823a3 sp=0x000000a64dcfd9b8 mode 2
Event: 42025.647 Thread 0x0000020e6b341700 DEOPT PACKING pc=0x0000020e58c3dec8 sp=0x000000a64e3feb60
Event: 42025.648 Thread 0x0000020e6b341700 DEOPT UNPACKING pc=0x0000020e50f823a3 sp=0x000000a64e3fe9d8 mode 2
Event: 42025.751 Thread 0x0000020e6b1575f0 DEOPT UNPACKING pc=0x0000020e50f823a3 sp=0x000000a64dbfd908 mode 2
Event: 42025.775 Thread 0x0000020e6b341700 Uncommon trap: trap_request=0xffffffc6 fr.pc=0x0000020e58ed09d0 relative=0x0000000000000310
Event: 42025.775 Thread 0x0000020e6b155440 Uncommon trap: trap_request=0xffffffc6 fr.pc=0x0000020e58ed09d0 relative=0x0000000000000310
Event: 42025.775 Thread 0x0000020e6b341700 Uncommon trap: reason=bimorphic_or_optimized_type_check action=maybe_recompile pc=0x0000020e58ed09d0 method=java.lang.ThreadLocal.set(Ljava/lang/Object;)V @ 6 c2
Event: 42025.775 Thread 0x0000020e6b155440 Uncommon trap: reason=bimorphic_or_optimized_type_check action=maybe_recompile pc=0x0000020e58ed09d0 method=java.lang.ThreadLocal.set(Ljava/lang/Object;)V @ 6 c2
Event: 42025.776 Thread 0x0000020e6b341700 DEOPT PACKING pc=0x0000020e58ed09d0 sp=0x000000a64e3fdc90
Event: 42025.779 Thread 0x0000020e6b346400 Uncommon trap: trap_request=0xfffffff4 fr.pc=0x0000020e591a0018 relative=0x0000000000006ed8
Event: 42025.779 Thread 0x0000020e6b346400 Uncommon trap: reason=null_check action=make_not_entrant pc=0x0000020e591a0018 method=org.apache.tomcat.util.http.ConcurrentDateFormat.format(Ljava/util/Date;)Ljava/lang/String; @ 9 c2
Event: 42025.779 Thread 0x0000020e6b346400 DEOPT PACKING pc=0x0000020e591a0018 sp=0x000000a64e4fd0e0
Event: 42025.781 Thread 0x0000020e6b155440 DEOPT PACKING pc=0x0000020e58ed09d0 sp=0x000000a64dcfd780
Event: 42025.781 Thread 0x0000020e6b155440 DEOPT UNPACKING pc=0x0000020e50f823a3 sp=0x000000a64dcfd748 mode 2
Event: 42025.782 Thread 0x0000020e6b341700 DEOPT UNPACKING pc=0x0000020e50f823a3 sp=0x000000a64e3fdc58 mode 2
Event: 42025.791 Thread 0x0000020e6b346400 DEOPT UNPACKING pc=0x0000020e50f823a3 sp=0x000000a64e4fcfa8 mode 2

Classes unloaded (3 events):
Event: 104.679 Thread 0x0000020e66df9b30 Unloading class 0x00000008012ec800 'jdk/internal/reflect/GeneratedSerializationConstructorAccessor3'
Event: 104.679 Thread 0x0000020e66df9b30 Unloading class 0x00000008012e0400 'jdk/internal/reflect/GeneratedSerializationConstructorAccessor2'
Event: 104.679 Thread 0x0000020e66df9b30 Unloading class 0x00000008012e0000 'jdk/internal/reflect/GeneratedSerializationConstructorAccessor1'

Classes redefined (0 events):
No events

Internal exceptions (20 events):
Event: 42022.953 Thread 0x0000020e6b157ac0 Implicit null exception at 0x0000020e593d3cc7 to 0x0000020e593d9088
Event: 42023.012 Thread 0x0000020e6b156c50 Implicit null exception at 0x0000020e593dfa92 to 0x0000020e593dfdac
Event: 42022.953 Thread 0x0000020e6b157120 Implicit null exception at 0x0000020e593d3cc7 to 0x0000020e593d9088
Event: 42023.013 Thread 0x0000020e6b157120 Implicit null exception at 0x0000020e5918ef30 to 0x0000020e5918ef7c
Event: 42022.954 Thread 0x0000020e6b1562b0 Implicit null exception at 0x0000020e593dfa92 to 0x0000020e593dfdac
Event: 42023.014 Thread 0x0000020e6b157120 Implicit null exception at 0x0000020e59366894 to 0x0000020e59366f40
Event: 42023.015 Thread 0x0000020e6b157ac0 Implicit null exception at 0x0000020e59366894 to 0x0000020e59366f40
Event: 42023.056 Thread 0x0000020e6b156c50 Implicit null exception at 0x0000020e5901109c to 0x0000020e590128e4
Event: 42023.056 Thread 0x0000020e6b157120 Implicit null exception at 0x0000020e5901109c to 0x0000020e590128e4
Event: 42023.056 Thread 0x0000020e6b157ac0 Implicit null exception at 0x0000020e5901109c to 0x0000020e590128e4
Event: 42023.056 Thread 0x0000020e6b1562b0 Implicit null exception at 0x0000020e5901109c to 0x0000020e590128e4
Event: 42023.058 Thread 0x0000020e6b157ac0 Implicit null exception at 0x0000020e58f2fcaf to 0x0000020e58f30bb0
Event: 42023.058 Thread 0x0000020e6b157120 Implicit null exception at 0x0000020e58f2fcaf to 0x0000020e58f30bb0
Event: 42023.058 Thread 0x0000020e6b156c50 Implicit null exception at 0x0000020e58f2fcaf to 0x0000020e58f30bb0
Event: 42023.058 Thread 0x0000020e6b1562b0 Implicit null exception at 0x0000020e58f2fcaf to 0x0000020e58f30bb0
Event: 42023.059 Thread 0x0000020e6b156c50 Implicit null exception at 0x0000020e58f25813 to 0x0000020e58f25bfc
Event: 42023.059 Thread 0x0000020e6b1562b0 Implicit null exception at 0x0000020e58f25813 to 0x0000020e58f25bfc
Event: 42023.059 Thread 0x0000020e6b157120 Implicit null exception at 0x0000020e58f25813 to 0x0000020e58f25bfc
Event: 42023.059 Thread 0x0000020e6b157ac0 Implicit null exception at 0x0000020e58f25813 to 0x0000020e58f25bfc
Event: 42025.779 Thread 0x0000020e6b346400 Implicit null exception at 0x0000020e5919add0 to 0x0000020e5919ffe0

VM Operations (20 events):
Event: 41977.651 Executing VM operation: G1CollectForAllocation
Event: 41977.654 Executing VM operation: G1CollectForAllocation done
Event: 42023.658 Executing VM operation: G1CollectForAllocation
Event: 42023.826 Executing VM operation: G1CollectForAllocation done
Event: 42024.826 Executing VM operation: Cleanup
Event: 42024.826 Executing VM operation: Cleanup done
Event: 42025.830 Executing VM operation: Cleanup
Event: 42025.830 Executing VM operation: Cleanup done
Event: 42026.839 Executing VM operation: Cleanup
Event: 42026.840 Executing VM operation: Cleanup done
Event: 42032.878 Executing VM operation: Cleanup
Event: 42032.879 Executing VM operation: Cleanup done
Event: 42033.697 Executing VM operation: G1CollectForAllocation
Event: 42033.698 Executing VM operation: G1CollectForAllocation done
Event: 42036.713 Executing VM operation: Cleanup
Event: 42036.714 Executing VM operation: Cleanup done
Event: 42046.165 Executing VM operation: G1CollectForAllocation
Event: 42046.168 Executing VM operation: G1CollectForAllocation done
Event: 42053.230 Executing VM operation: Cleanup
Event: 42053.230 Executing VM operation: Cleanup done

Events (20 events):
Event: 1809.603 Thread 0x0000020e6b344250 Thread exited: 0x0000020e6b344250
Event: 1809.647 Thread 0x0000020e6b344720 Thread exited: 0x0000020e6b344720
Event: 1812.096 Thread 0x0000020e6b3468d0 Thread added: 0x0000020e6b3468d0
Event: 1812.096 Thread 0x0000020e6b3433e0 Thread added: 0x0000020e6b3433e0
Event: 1817.106 Thread 0x0000020e6b3468d0 Thread exited: 0x0000020e6b3468d0
Event: 1817.167 Thread 0x0000020e6b3433e0 Thread exited: 0x0000020e6b3433e0
Event: 1824.073 Thread 0x0000020e6b3433e0 Thread added: 0x0000020e6b3433e0
Event: 1824.074 Thread 0x0000020e6b3468d0 Thread added: 0x0000020e6b3468d0
Event: 1832.051 Thread 0x0000020e6b3433e0 Thread exited: 0x0000020e6b3433e0
Event: 1832.115 Thread 0x0000020e6b3468d0 Thread exited: 0x0000020e6b3468d0
Event: 12892.690 Thread 0x0000020e68855a10 Thread added: 0x0000020e68855a10
Event: 12897.808 Thread 0x0000020e6b344250 Thread added: 0x0000020e6b344250
Event: 12897.809 Thread 0x0000020e6b344720 Thread added: 0x0000020e6b344720
Event: 12897.809 Thread 0x0000020e68855a10 Thread exited: 0x0000020e68855a10
Event: 12902.823 Thread 0x0000020e6b344250 Thread exited: 0x0000020e6b344250
Event: 12910.061 Thread 0x0000020e6b344720 Thread exited: 0x0000020e6b344720
Event: 41294.756 Thread 0x0000020e6b3468d0 Thread added: 0x0000020e6b3468d0
Event: 41294.756 Thread 0x0000020e6b33f080 Thread added: 0x0000020e6b33f080
Event: 41299.770 Thread 0x0000020e6b3468d0 Thread exited: 0x0000020e6b3468d0
Event: 41304.849 Thread 0x0000020e6b33f080 Thread exited: 0x0000020e6b33f080


Dynamic libraries:
0x00007ff7fbe90000 - 0x00007ff7fbe9e000 	C:\Users\Asmae\.jdks\openjdk-17.0.2\bin\java.exe
0x00007ff932510000 - 0x00007ff932705000 	C:\WINDOWS\SYSTEM32\ntdll.dll
0x00007ff931420000 - 0x00007ff9314dd000 	C:\WINDOWS\System32\KERNEL32.DLL
0x00007ff92fef0000 - 0x00007ff9301bd000 	C:\WINDOWS\System32\KERNELBASE.dll
0x00007ff92fc60000 - 0x00007ff92fd60000 	C:\WINDOWS\System32\ucrtbase.dll
0x00007ff9277e0000 - 0x00007ff9277fa000 	C:\Users\Asmae\.jdks\openjdk-17.0.2\bin\VCRUNTIME140.dll
0x00007ff927810000 - 0x00007ff927828000 	C:\Users\Asmae\.jdks\openjdk-17.0.2\bin\jli.dll
0x00007ff9314e0000 - 0x00007ff931680000 	C:\WINDOWS\System32\USER32.dll
0x00007ff9249f0000 - 0x00007ff924c8a000 	C:\WINDOWS\WinSxS\amd64_microsoft.windows.common-controls_6595b64144ccf1df_6.0.19041.1110_none_60b5254171f9507e\COMCTL32.dll
0x00007ff932220000 - 0x00007ff9322be000 	C:\WINDOWS\System32\msvcrt.dll
0x00007ff932470000 - 0x00007ff93249a000 	C:\WINDOWS\System32\GDI32.dll
0x00007ff930500000 - 0x00007ff930522000 	C:\WINDOWS\System32\win32u.dll
0x00007ff92fd60000 - 0x00007ff92fe6b000 	C:\WINDOWS\System32\gdi32full.dll
0x00007ff9301c0000 - 0x00007ff93025d000 	C:\WINDOWS\System32\msvcp_win.dll
0x00007ff931bf0000 - 0x00007ff931c20000 	C:\WINDOWS\System32\IMM32.DLL
0x00007ff928a20000 - 0x00007ff928a2c000 	C:\Users\Asmae\.jdks\openjdk-17.0.2\bin\vcruntime140_1.dll
0x00007ff8ff0e0000 - 0x00007ff8ff16d000 	C:\Users\Asmae\.jdks\openjdk-17.0.2\bin\msvcp140.dll
0x00007ff8f61b0000 - 0x00007ff8f6d71000 	C:\Users\Asmae\.jdks\openjdk-17.0.2\bin\server\jvm.dll
0x00007ff9320a0000 - 0x00007ff93214e000 	C:\WINDOWS\System32\ADVAPI32.dll
0x00007ff930b50000 - 0x00007ff930bec000 	C:\WINDOWS\System32\sechost.dll
0x00007ff931f70000 - 0x00007ff932095000 	C:\WINDOWS\System32\RPCRT4.dll
0x00007ff932370000 - 0x00007ff932378000 	C:\WINDOWS\System32\PSAPI.DLL
0x00007ff929880000 - 0x00007ff9298a7000 	C:\WINDOWS\SYSTEM32\WINMM.dll
0x00007ff91daa0000 - 0x00007ff91daa9000 	C:\WINDOWS\SYSTEM32\WSOCK32.dll
0x00007ff924d50000 - 0x00007ff924d5a000 	C:\WINDOWS\SYSTEM32\VERSION.dll
0x00007ff932150000 - 0x00007ff9321bb000 	C:\WINDOWS\System32\WS2_32.dll
0x00007ff92daf0000 - 0x00007ff92db02000 	C:\WINDOWS\SYSTEM32\kernel.appcore.dll
0x00007ff9277d0000 - 0x00007ff9277da000 	C:\Users\Asmae\.jdks\openjdk-17.0.2\bin\jimage.dll
0x00007ff91f190000 - 0x00007ff91f374000 	C:\WINDOWS\SYSTEM32\DBGHELP.DLL
0x00007ff91f160000 - 0x00007ff91f18c000 	C:\WINDOWS\SYSTEM32\dbgcore.DLL
0x00007ff930470000 - 0x00007ff9304f2000 	C:\WINDOWS\System32\bcryptPrimitives.dll
0x00007ff9277c0000 - 0x00007ff9277ce000 	C:\Users\Asmae\.jdks\openjdk-17.0.2\bin\instrument.dll
0x00007ff922fe0000 - 0x00007ff923005000 	C:\Users\Asmae\.jdks\openjdk-17.0.2\bin\java.dll
0x00007ff8fd990000 - 0x00007ff8fda66000 	C:\Users\Asmae\.jdks\openjdk-17.0.2\bin\jsvml.dll
0x00007ff930c00000 - 0x00007ff931344000 	C:\WINDOWS\System32\SHELL32.dll
0x00007ff92dcf0000 - 0x00007ff92e484000 	C:\WINDOWS\SYSTEM32\windows.storage.dll
0x00007ff9306e0000 - 0x00007ff930a34000 	C:\WINDOWS\System32\combase.dll
0x00007ff92f650000 - 0x00007ff92f67c000 	C:\WINDOWS\SYSTEM32\Wldp.dll
0x00007ff930aa0000 - 0x00007ff930b4d000 	C:\WINDOWS\System32\SHCORE.dll
0x00007ff931e70000 - 0x00007ff931ec5000 	C:\WINDOWS\System32\shlwapi.dll
0x00007ff92fb30000 - 0x00007ff92fb4f000 	C:\WINDOWS\SYSTEM32\profapi.dll
0x00007ff920bd0000 - 0x00007ff920be8000 	C:\Users\Asmae\.jdks\openjdk-17.0.2\bin\zip.dll
0x00007ff923050000 - 0x00007ff923069000 	C:\Users\Asmae\.jdks\openjdk-17.0.2\bin\net.dll
0x00007ff9250a0000 - 0x00007ff9251aa000 	C:\WINDOWS\SYSTEM32\WINHTTP.dll
0x00007ff92f3b0000 - 0x00007ff92f41a000 	C:\WINDOWS\system32\mswsock.dll
0x00007ff922fc0000 - 0x00007ff922fd6000 	C:\Users\Asmae\.jdks\openjdk-17.0.2\bin\nio.dll
0x00007ff912c70000 - 0x00007ff912c8a000 	C:\Program Files\JetBrains\IntelliJ IDEA Community Edition 2021.3.2\bin\breakgen64.dll
0x00007ff9241d0000 - 0x00007ff9241e0000 	C:\Users\Asmae\.jdks\openjdk-17.0.2\bin\verify.dll
0x00007ff923120000 - 0x00007ff923129000 	C:\Users\Asmae\.jdks\openjdk-17.0.2\bin\management.dll
0x00007ff923100000 - 0x00007ff92310b000 	C:\Users\Asmae\.jdks\openjdk-17.0.2\bin\management_ext.dll
0x00007ff91ddb0000 - 0x00007ff91ddc7000 	C:\WINDOWS\system32\napinsp.dll
0x00007ff91ca10000 - 0x00007ff91ca2b000 	C:\WINDOWS\system32\pnrpnsp.dll
0x00007ff91c9a0000 - 0x00007ff91c9b5000 	C:\WINDOWS\system32\wshbth.dll
0x00007ff92b9d0000 - 0x00007ff92b9ed000 	C:\WINDOWS\system32\NLAapi.dll
0x00007ff92f050000 - 0x00007ff92f08b000 	C:\WINDOWS\SYSTEM32\IPHLPAPI.DLL
0x00007ff92f0a0000 - 0x00007ff92f16b000 	C:\WINDOWS\SYSTEM32\DNSAPI.dll
0x00007ff931680000 - 0x00007ff931688000 	C:\WINDOWS\System32\NSI.dll
0x00007ff91c980000 - 0x00007ff91c992000 	C:\WINDOWS\System32\winrnr.dll
0x00007ff924430000 - 0x00007ff92443a000 	C:\Windows\System32\rasadhlp.dll
0x00007ff926ac0000 - 0x00007ff926b40000 	C:\WINDOWS\System32\fwpuclnt.dll
0x00007ff92fec0000 - 0x00007ff92fee7000 	C:\WINDOWS\System32\bcrypt.dll
0x00007ff92f5a0000 - 0x00007ff92f5b8000 	C:\WINDOWS\SYSTEM32\CRYPTSP.dll
0x00007ff92ecc0000 - 0x00007ff92ecf4000 	C:\WINDOWS\system32\rsaenh.dll
0x00007ff92faf0000 - 0x00007ff92fb1e000 	C:\WINDOWS\SYSTEM32\USERENV.dll
0x00007ff92f5c0000 - 0x00007ff92f5cc000 	C:\WINDOWS\SYSTEM32\CRYPTBASE.dll
0x00007ff929c80000 - 0x00007ff929c97000 	C:\WINDOWS\SYSTEM32\dhcpcsvc6.DLL
0x00007ff929d50000 - 0x00007ff929d6d000 	C:\WINDOWS\SYSTEM32\dhcpcsvc.DLL
0x00007ff9230e0000 - 0x00007ff9230ee000 	C:\Users\Asmae\.jdks\openjdk-17.0.2\bin\sunmscapi.dll
0x00007ff930310000 - 0x00007ff930466000 	C:\WINDOWS\System32\CRYPT32.dll
0x00007ff92f6c0000 - 0x00007ff92f6e7000 	C:\WINDOWS\SYSTEM32\ncrypt.dll
0x00007ff92f680000 - 0x00007ff92f6bb000 	C:\WINDOWS\SYSTEM32\NTASN1.dll
0x00007ff922e40000 - 0x00007ff922e47000 	C:\WINDOWS\system32\wshunix.dll

dbghelp: loaded successfully - version: 4.0.5 - missing functions: none
symbol engine: initialized successfully - sym options: 0x614 - pdb path: .;C:\Users\Asmae\.jdks\openjdk-17.0.2\bin;C:\WINDOWS\SYSTEM32;C:\WINDOWS\WinSxS\amd64_microsoft.windows.common-controls_6595b64144ccf1df_6.0.19041.1110_none_60b5254171f9507e;C:\Users\Asmae\.jdks\openjdk-17.0.2\bin\server;C:\Program Files\JetBrains\IntelliJ IDEA Community Edition 2021.3.2\bin

VM Arguments:
jvm_args: -javaagent:C:\Program Files\JetBrains\IntelliJ IDEA Community Edition 2021.3.2\lib\idea_rt.jar=62304:C:\Program Files\JetBrains\IntelliJ IDEA Community Edition 2021.3.2\bin -Dfile.encoding=UTF-8 
java_command: com.DemoApplication
java_class_path (initial): D:\4step\4Step\target\classes;C:\Users\Asmae\.m2\repository\org\springframework\boot\spring-boot-starter-data-jpa\2.6.4\spring-boot-starter-data-jpa-2.6.4.jar;C:\Users\Asmae\.m2\repository\org\springframework\boot\spring-boot-starter-aop\2.6.4\spring-boot-starter-aop-2.6.4.jar;C:\Users\Asmae\.m2\repository\org\aspectj\aspectjweaver\1.9.7\aspectjweaver-1.9.7.jar;C:\Users\Asmae\.m2\repository\org\springframework\boot\spring-boot-starter-jdbc\2.6.4\spring-boot-starter-jdbc-2.6.4.jar;C:\Users\Asmae\.m2\repository\com\zaxxer\HikariCP\4.0.3\HikariCP-4.0.3.jar;C:\Users\Asmae\.m2\repository\org\springframework\spring-jdbc\5.3.16\spring-jdbc-5.3.16.jar;C:\Users\Asmae\.m2\repository\jakarta\transaction\jakarta.transaction-api\1.3.3\jakarta.transaction-api-1.3.3.jar;C:\Users\Asmae\.m2\repository\jakarta\persistence\jakarta.persistence-api\2.2.3\jakarta.persistence-api-2.2.3.jar;C:\Users\Asmae\.m2\repository\org\hibernate\hibernate-core\5.6.5.Final\hibernate-core-5.6.5.Final.jar;C:\Users\Asmae\.m2\repository\org\jboss\logging\jboss-logging\3.4.3.Final\jboss-logging-3.4.3.Final.jar;C:\Users\Asmae\.m2\repository\net\bytebuddy\byte-buddy\1.11.22\byte-buddy-1.11.22.jar;C:\Users\Asmae\.m2\repository\antlr\antlr\2.7.7\antlr-2.7.7.jar;C:\Users\Asmae\.m2\repository\org\jboss\jandex\2.4.2.Final\jandex-2.4.2.Final.jar;C:\Users\Asmae\.m2\repository\com\fasterxml\classmate\1.5.1\classmate-1.5.1.jar;C:\Users\Asmae\.m2\repository\org\hibernate\common\hibernate-commons-annotations\5.1.2.Final\hibernate-commons-annotations-5.1.2.Final.jar;C:\Users\Asmae\.m2\repository\org\glassfish\jaxb\jaxb-runtime\2.3.6\jaxb-runtime-2.3.6.jar;C:\Users\Asmae\.m2\repository\org\glassfish\jaxb\txw2\2.3.6\txw2-2.3.6.jar;C:\Users\Asmae\.m2\repository\com\sun\istack\istack-commons-runtime\3.0.12\istack-commons-runtime-3.0.12.jar;C:\Users\Asmae\.m2\repository\org\springframework\data\spring-data-jpa\2.6.2\spring-data-jpa-2.6.2.jar;C:\Users\Asmae\.m2\repository\org\springframework\data\s
Launcher Type: SUN_STANDARD

[Global flags]
     intx CICompilerCount                          = 3                                         {product} {ergonomic}
     uint ConcGCThreads                            = 1                                         {product} {ergonomic}
     uint G1ConcRefinementThreads                  = 4                                         {product} {ergonomic}
   size_t G1HeapRegionSize                         = 1048576                                   {product} {ergonomic}
    uintx GCDrainStackTargetSize                   = 64                                        {product} {ergonomic}
   size_t InitialHeapSize                          = 134217728                                 {product} {ergonomic}
   size_t MarkStackSize                            = 4194304                                   {product} {ergonomic}
   size_t MaxHeapSize                              = 2124414976                                {product} {ergonomic}
   size_t MaxNewSize                               = 1274019840                                {product} {ergonomic}
   size_t MinHeapDeltaBytes                        = 1048576                                   {product} {ergonomic}
   size_t MinHeapSize                              = 8388608                                   {product} {ergonomic}
    uintx NonNMethodCodeHeapSize                   = 5832780                                {pd product} {ergonomic}
    uintx NonProfiledCodeHeapSize                  = 122912730                              {pd product} {ergonomic}
    uintx ProfiledCodeHeapSize                     = 122912730                              {pd product} {ergonomic}
    uintx ReservedCodeCacheSize                    = 251658240                              {pd product} {ergonomic}
     bool SegmentedCodeCache                       = true                                      {product} {ergonomic}
   size_t SoftMaxHeapSize                          = 2124414976                             {manageable} {ergonomic}
     bool UseCompressedClassPointers               = true                           {product lp64_product} {ergonomic}
     bool UseCompressedOops                        = true                           {product lp64_product} {ergonomic}
     bool UseG1GC                                  = true                                      {product} {ergonomic}
     bool UseLargePagesIndividualAllocation        = false                                  {pd product} {ergonomic}

Logging:
Log output configuration:
 #0: stdout all=warning uptime,level,tags
 #1: stderr all=off uptime,level,tags

Environment Variables:
JAVA_HOME=C:\Program Files\Java\jdk-15.0.2
PATH=C:\WINDOWS;C:\WINDOWS\system32;C:\Program Files\Java\jdk-15.0.2\bin;C:\Users\Asmae\AppData\Roaming\npm;C:\Program Files\nodejs\;C:\Python39\Scripts\;C:\Python39\;C:\Program Files (x86)\Common Files\Oracle\Java\javapath;C:\oraclexe\app\oracle\product\11.2.0\server\bin;C:\Program Files\Common Files\Oracle\Java\javapath;C:\Program Files\Microsoft HPC Pack 2008 R2\Bin\;C:\Program Files (x86)\Intel\iCLS Client\;C:\Program Files\Intel\iCLS Client\;C:\WINDOWS\System32\Wbem;C:\WINDOWS\System32\WindowsPowerShell\v1.0\;C:\Program Files\Intel\Intel(R) Management Engine Components\DAL;C:\Program Files\Intel\Intel(R) Management Engine Components\IPT;C:\Program Files (x86)\Intel\Intel(R) Management Engine Components\DAL;C:\Program Files (x86)\Intel\Intel(R) Management Engine Components\IPT;C:\Program Files\WIDCOMM\Bluetooth Software\;C:\Program Files\WIDCOMM\Bluetooth Software\syswow64;C:\WINDOWS\System32\OpenSSH\;C:\PHP7;C:\ProgramData\chocolatey\bin;C:\Program Files\dotnet\;C:\Program Files\Microsoft SQL Server\130\Tools\Binn\;C:\Program Files (x86)\dotnet\;C:\Program Files\nodejs\;C:\Users\Asmae\AppData\Local\Microsoft\WindowsApps;C:\Users\Asmae\AppData\Local\Programs\Microsoft VS Code\bin;C:\Users\Asmae\AppData\Local\GitHubDesktop\bin;C:\Users\Asmae\AppData\Roaming\npm;C:\Users\Asmae\AppData\Local\Programs\Git\cmd
USERNAME=Asmae
OS=Windows_NT
PROCESSOR_IDENTIFIER=Intel64 Family 6 Model 69 Stepping 1, GenuineIntel



---------------  S Y S T E M  ---------------

OS:
 Windows 10 , 64 bit Build 19041 (10.0.19041.1706)
OS uptime: 13 days 5:07 hours

CPU: total 4 (initial active 4) (2 cores per cpu, 2 threads per core) family 6 model 69 stepping 1 microcode 0x25, cx8, cmov, fxsr, ht, mmx, sse, sse2, sse3, ssse3, sse4.1, sse4.2, popcnt, lzcnt, tsc, tscinvbit, avx, avx2, aes, erms, clmul, bmi1, bmi2, fma, vzeroupper, clflush

Memory: 4k page, system-wide physical 8096M (350M free)
TotalPageFile size 32672M (AvailPageFile size 948M)
current process WorkingSet (physical memory assigned to process): 173M, peak: 273M
current process commit charge ("private bytes"): 348M, peak: 352M

vm_info: OpenJDK 64-Bit Server VM (17.0.2+8-86) for windows-amd64 JRE (17.0.2+8-86), built on Dec  7 2021 21:49:10 by "mach5one" with MS VC++ 16.8 / 16.9 (VS2019)

END.
